2022-05-14 09:59:44,177 - INFO    - keyword:基金
2022-05-14 09:59:44,192 - INFO    - keyword:A股
2022-05-14 09:59:44,192 - INFO    - keyword:市场
2022-05-14 09:59:44,192 - INFO    - keyword:信息
2022-05-14 09:59:44,193 - INFO    - keyword:晶瑞
2022-05-14 09:59:44,193 - INFO    - keyword:电材
2022-05-14 09:59:44,194 - INFO    - keyword:股份
2022-05-14 09:59:44,195 - INFO    - keyword:大佬
2022-05-14 09:59:44,196 - INFO    - keyword:收盘价
2022-05-14 09:59:44,199 - INFO    - keyword:机会
2022-05-14 09:59:44,283 - INFO    - keyword:钻戒
2022-05-14 09:59:44,284 - INFO    - keyword:男友
2022-05-14 09:59:44,293 - INFO    - keyword:黑色
2022-05-14 09:59:44,295 - INFO    - keyword:责编
2022-05-14 09:59:44,298 - INFO    - keyword:朋克
2022-05-14 09:59:44,301 - INFO    - keyword:颁奖礼
2022-05-14 09:59:44,303 - INFO    - keyword:婚史
2022-05-14 09:59:44,306 - INFO    - keyword:外媒
2022-05-14 09:59:44,307 - INFO    - keyword:卫衣
2022-05-14 09:59:44,307 - INFO    - keyword:皮裤
2022-05-14 09:59:44,383 - INFO    - keyword:香港
2022-05-14 09:59:44,385 - INFO    - keyword:人权
2022-05-14 09:59:44,386 - INFO    - keyword:幌子
2022-05-14 09:59:44,387 - INFO    - keyword:事务
2022-05-14 09:59:44,388 - INFO    - keyword:国安法
2022-05-14 09:59:44,390 - INFO    - keyword:不容
2022-05-14 09:59:44,391 - INFO    - keyword:祸乱
2022-05-14 09:59:44,393 - INFO    - keyword:闹剧
2022-05-14 09:59:44,395 - INFO    - keyword:法治
2022-05-14 09:59:44,396 - INFO    - keyword:内政
2022-05-14 09:59:44,605 - INFO    - keyword:号码
2022-05-14 09:59:44,607 - INFO    - keyword:奖号
2022-05-14 09:59:44,610 - INFO    - keyword:三区
2022-05-14 09:59:44,613 - INFO    - keyword:前区
2022-05-14 09:59:44,615 - INFO    - keyword:奇偶
2022-05-14 09:59:44,618 - INFO    - keyword:大乐透
2022-05-14 09:59:44,620 - INFO    - keyword:落号
2022-05-14 09:59:44,622 - INFO    - keyword:全偶
2022-05-14 09:59:44,625 - INFO    - keyword:分析
2022-05-14 09:59:44,625 - INFO    - keyword:走温
2022-05-14 09:59:44,653 - INFO    - keyword:跟随者
2022-05-14 09:59:44,654 - INFO    - keyword:股神
2022-05-14 09:59:44,654 - INFO    - keyword:硅谷
2022-05-14 09:59:44,655 - INFO    - keyword:代言人
2022-05-14 09:59:44,657 - INFO    - keyword:领域
2022-05-14 09:59:44,658 - INFO    - keyword:资产
2022-05-14 09:59:44,662 - INFO    - keyword:全球
2022-05-14 09:59:44,665 - INFO    - keyword:价值
2022-05-14 09:59:44,667 - INFO    - keyword:世界
2022-05-14 09:59:44,741 - INFO    - keyword:月球
2022-05-14 09:59:44,741 - INFO    - keyword:俄罗斯
2022-05-14 09:59:44,742 - INFO    - keyword:钻机
2022-05-14 09:59:44,742 - INFO    - keyword:计划
2022-05-14 09:59:44,743 - INFO    - keyword:合作
2022-05-14 09:59:44,743 - INFO    - keyword:项目
2022-05-14 09:59:44,751 - INFO    - keyword:钻样
2022-05-14 09:59:44,754 - INFO    - keyword:航天局
2022-05-14 09:59:44,758 - INFO    - keyword:欧洲
2022-05-14 09:59:44,895 - INFO    - keyword:价格
2022-05-14 09:59:44,897 - INFO    - keyword:蔬菜
2022-05-14 09:59:44,898 - INFO    - keyword:价格下降
2022-05-14 09:59:44,899 - INFO    - keyword:涨幅
2022-05-14 09:59:44,899 - INFO    - keyword:猪肉
2022-05-14 09:59:44,900 - INFO    - keyword:流通
2022-05-14 09:59:44,900 - INFO    - keyword:疫情
2022-05-14 09:59:44,901 - INFO    - keyword:金饰品
2022-05-14 09:59:44,901 - INFO    - keyword:北京
2022-05-14 09:59:44,902 - INFO    - keyword:鲜菜
2022-05-14 09:59:44,941 - INFO    - keyword:一贯主张
2022-05-14 09:59:44,942 - INFO    - keyword:火上浇油
2022-05-14 09:59:44,942 - INFO    - keyword:记者会
2022-05-14 09:59:44,943 - INFO    - keyword:人道主义
2022-05-14 09:59:44,944 - INFO    - keyword:降温
2022-05-14 09:59:44,944 - INFO    - keyword:局势
2022-05-14 09:59:44,945 - INFO    - keyword:外交
2022-05-14 09:59:44,945 - INFO    - keyword:评论
2022-05-14 09:59:44,949 - INFO    - keyword:升级
2022-05-14 09:59:45,157 - INFO    - keyword:日本
2022-05-14 09:59:45,158 - INFO    - keyword:美英
2022-05-14 09:59:45,158 - INFO    - keyword:三国
2022-05-14 09:59:45,159 - INFO    - keyword:产经新闻
2022-05-14 09:59:45,162 - INFO    - keyword:合作
2022-05-14 09:59:45,164 - INFO    - keyword:印太
2022-05-14 09:59:45,165 - INFO    - keyword:美国
2022-05-14 09:59:45,167 - INFO    - keyword:记者会
2022-05-14 09:59:45,168 - INFO    - keyword:制裁
2022-05-14 09:59:45,169 - INFO    - keyword:岸信
2022-05-14 09:59:45,342 - INFO    - keyword:奖号
2022-05-14 09:59:45,343 - INFO    - keyword:前区
2022-05-14 09:59:45,343 - INFO    - keyword:重号
2022-05-14 09:59:45,343 - INFO    - keyword:大乐透
2022-05-14 09:59:45,343 - INFO    - keyword:三区
2022-05-14 09:59:45,344 - INFO    - keyword:断区
2022-05-14 09:59:45,344 - INFO    - keyword:池子
2022-05-14 09:59:45,345 - INFO    - keyword:后区
2022-05-14 09:59:45,345 - INFO    - keyword:分析
2022-05-14 09:59:45,345 - INFO    - keyword:路奖
2022-05-14 09:59:45,405 - INFO    - keyword:感染者
2022-05-14 09:59:45,405 - INFO    - keyword:阳性
2022-05-14 09:59:45,406 - INFO    - keyword:检测
2022-05-14 09:59:45,407 - INFO    - keyword:疫情
2022-05-14 09:59:45,407 - INFO    - keyword:核酸
2022-05-14 09:59:45,411 - INFO    - keyword:防控
2022-05-14 09:59:45,412 - INFO    - keyword:新冠
2022-05-14 09:59:45,413 - INFO    - keyword:天津市
2022-05-14 09:59:45,414 - INFO    - keyword:指挥部
2022-05-14 09:59:45,415 - INFO    - keyword:旅居
2022-05-14 09:59:45,451 - INFO    - keyword:疫情
2022-05-14 09:59:45,452 - INFO    - keyword:防控
2022-05-14 09:59:45,452 - INFO    - keyword:长春市
2022-05-14 09:59:45,453 - INFO    - keyword:吉林市
2022-05-14 09:59:45,453 - INFO    - keyword:社会
2022-05-14 09:59:45,453 - INFO    - keyword:感染者
2022-05-14 09:59:45,454 - INFO    - keyword:检测
2022-05-14 09:59:45,455 - INFO    - keyword:核酸
2022-05-14 09:59:45,456 - INFO    - keyword:攻坚
2022-05-14 09:59:45,457 - INFO    - keyword:发布会
2022-05-14 09:59:45,504 - INFO    - keyword:创作
2022-05-14 09:59:45,506 - INFO    - keyword:文学性
2022-05-14 09:59:45,506 - INFO    - keyword:电视剧
2022-05-14 09:59:45,506 - INFO    - keyword:剧本
2022-05-14 09:59:45,510 - INFO    - keyword:租界
2022-05-14 09:59:45,512 - INFO    - keyword:生活
2022-05-14 09:59:45,515 - INFO    - keyword:影视剧
2022-05-14 09:59:45,518 - INFO    - keyword:艺术创作
2022-05-14 09:59:45,519 - INFO    - keyword:想象力
2022-05-14 09:59:45,522 - INFO    - keyword:命运
2022-05-14 09:59:45,599 - INFO    - keyword:光明
2022-05-14 09:59:45,600 - INFO    - keyword:食品
2022-05-14 09:59:45,601 - INFO    - keyword:集团
2022-05-14 09:59:45,601 - INFO    - keyword:品牌
2022-05-14 09:59:45,601 - INFO    - keyword:上海
2022-05-14 09:59:45,601 - INFO    - keyword:市民
2022-05-14 09:59:45,602 - INFO    - keyword:旗下
2022-05-14 09:59:45,602 - INFO    - keyword:社区
2022-05-14 09:59:45,602 - INFO    - keyword:菜肉
2022-05-14 09:59:45,602 - INFO    - keyword:奶油
2022-05-14 09:59:45,626 - INFO    - keyword:客队
2022-05-14 09:59:45,630 - INFO    - keyword:海勒
2022-05-14 09:59:45,632 - INFO    - keyword:主队
2022-05-14 09:59:45,634 - INFO    - keyword:本场
2022-05-14 09:59:45,636 - INFO    - keyword:主场
2022-05-14 09:59:45,643 - INFO    - keyword:实力
2022-05-14 09:59:45,645 - INFO    - keyword:棉农
2022-05-14 09:59:45,647 - INFO    - keyword:球队
2022-05-14 09:59:45,647 - INFO    - keyword:比赛
2022-05-14 09:59:45,648 - INFO    - keyword:控球
2022-05-14 09:59:45,658 - INFO    - keyword:巡洋舰
2022-05-14 09:59:45,659 - INFO    - keyword:导弹
2022-05-14 09:59:45,660 - INFO    - keyword:俄罗斯
2022-05-14 09:59:45,661 - INFO    - keyword:火灾
2022-05-14 09:59:45,700 - INFO    - keyword:疫情
2022-05-14 09:59:45,700 - INFO    - keyword:防控
2022-05-14 09:59:45,700 - INFO    - keyword:感染者
2022-05-14 09:59:45,701 - INFO    - keyword:阳性
2022-05-14 09:59:45,702 - INFO    - keyword:集体
2022-05-14 09:59:45,703 - INFO    - keyword:单位
2022-05-14 09:59:45,703 - INFO    - keyword:工作
2022-05-14 09:59:45,703 - INFO    - keyword:寰宇
2022-05-14 09:59:45,705 - INFO    - keyword:排查
2022-05-14 09:59:45,706 - INFO    - keyword:本市
2022-05-14 09:59:45,718 - INFO    - keyword:销量
2022-05-14 09:59:45,719 - INFO    - keyword:市场总监
2022-05-14 09:59:45,719 - INFO    - keyword:全球
2022-05-14 09:59:45,720 - INFO    - keyword:武装冲突
2022-05-14 09:59:45,720 - INFO    - keyword:跑车
2022-05-14 09:59:45,721 - INFO    - keyword:中国
2022-05-14 09:59:45,721 - INFO    - keyword:工作组
2022-05-14 09:59:45,721 - INFO    - keyword:疫情
2022-05-14 09:59:45,721 - INFO    - keyword:审查
2022-05-14 09:59:45,732 - INFO    - keyword:普京
2022-05-14 09:59:45,733 - INFO    - keyword:油气
2022-05-14 09:59:45,733 - INFO    - keyword:环球网
2022-05-14 09:59:45,733 - INFO    - keyword:俄罗斯
2022-05-14 09:59:45,733 - INFO    - keyword:形势
2022-05-14 09:59:45,734 - INFO    - keyword:领域
2022-05-14 09:59:45,734 - INFO    - keyword:会议
2022-05-14 09:59:45,734 - INFO    - keyword:亚历山大
2022-05-14 09:59:45,735 - INFO    - keyword:天然气
2022-05-14 09:59:45,753 - INFO    - keyword:疫情
2022-05-14 09:59:45,753 - INFO    - keyword:立案侦查
2022-05-14 09:59:45,754 - INFO    - keyword:公安机关
2022-05-14 09:59:45,754 - INFO    - keyword:防疫
2022-05-14 09:59:45,754 - INFO    - keyword:旅居
2022-05-14 09:59:45,754 - INFO    - keyword:黄陂区
2022-05-14 09:59:45,754 - INFO    - keyword:高风险
2022-05-14 09:59:45,755 - INFO    - keyword:依法
2022-05-14 09:59:45,755 - INFO    - keyword:防控
2022-05-14 09:59:45,755 - INFO    - keyword:传染病
2022-05-14 09:59:45,875 - INFO    - keyword:法林顿
2022-05-14 09:59:45,876 - INFO    - keyword:工作
2022-05-14 09:59:45,876 - INFO    - keyword:犯罪
2022-05-14 09:59:45,878 - INFO    - keyword:前科
2022-05-14 09:59:45,878 - INFO    - keyword:记录
2022-05-14 09:59:45,879 - INFO    - keyword:监狱
2022-05-14 09:59:45,879 - INFO    - keyword:最低标准
2022-05-14 09:59:45,879 - INFO    - keyword:美国
2022-05-14 09:59:45,881 - INFO    - keyword:体系
2022-05-14 09:59:45,883 - INFO    - keyword:职位
2022-05-14 09:59:46,490 - INFO    - keyword:角色
2022-05-14 09:59:46,490 - INFO    - keyword:施源
2022-05-14 09:59:46,492 - INFO    - keyword:生活
2022-05-14 09:59:46,499 - INFO    - keyword:情绪
2022-05-14 09:59:46,501 - INFO    - keyword:剧中
2022-05-14 09:59:46,503 - INFO    - keyword:人物
2022-05-14 09:59:46,507 - INFO    - keyword:齐鲁晚报
2022-05-14 09:59:46,509 - INFO    - keyword:观众
2022-05-14 09:59:46,518 - INFO    - keyword:代入
2022-05-14 09:59:46,521 - INFO    - keyword:性格
2022-05-14 09:59:46,599 - INFO    - keyword:全力支持
2022-05-14 09:59:46,601 - INFO    - keyword:政客
2022-05-14 09:59:46,603 - INFO    - keyword:借债
2022-05-14 09:59:46,604 - INFO    - keyword:民众
2022-05-14 09:59:46,609 - INFO    - keyword:现实情况
2022-05-14 09:59:46,612 - INFO    - keyword:债务
2022-05-14 09:59:46,615 - INFO    - keyword:资金
2022-05-14 09:59:46,618 - INFO    - keyword:纳税人
2022-05-14 09:59:46,620 - INFO    - keyword:驻军
2022-05-14 09:59:46,623 - INFO    - keyword:北约
2022-05-14 09:59:46,746 - INFO    - keyword:俄罗斯
2022-05-14 09:59:46,747 - INFO    - keyword:煤炭
2022-05-14 09:59:46,750 - INFO    - keyword:印度
2022-05-14 09:59:46,758 - INFO    - keyword:进口
2022-05-14 09:59:46,762 - INFO    - keyword:能源
2022-05-14 09:59:46,765 - INFO    - keyword:进口量
2022-05-14 09:59:46,766 - INFO    - keyword:联社
2022-05-14 09:59:46,768 - INFO    - keyword:警告
2022-05-14 09:59:46,770 - INFO    - keyword:商品
2022-05-14 09:59:46,770 - INFO    - keyword:炼焦煤
2022-05-14 09:59:46,872 - INFO    - keyword:舞者
2022-05-14 09:59:46,873 - INFO    - keyword:舞社
2022-05-14 09:59:46,873 - INFO    - keyword:舞蹈
2022-05-14 09:59:46,873 - INFO    - keyword:节目
2022-05-14 09:59:46,873 - INFO    - keyword:女性
2022-05-14 09:59:46,873 - INFO    - keyword:街舞
2022-05-14 09:59:46,874 - INFO    - keyword:团队
2022-05-14 09:59:46,874 - INFO    - keyword:观众
2022-05-14 09:59:46,874 - INFO    - keyword:舞台
2022-05-14 09:59:46,877 - INFO    - keyword:社员
2022-05-14 09:59:46,893 - INFO    - keyword:个案
2022-05-14 09:59:46,900 - INFO    - keyword:病例
2022-05-14 09:59:46,900 - INFO    - keyword:肺炎
2022-05-14 09:59:46,900 - INFO    - keyword:本土
2022-05-14 09:59:46,901 - INFO    - keyword:中心
2022-05-14 09:59:46,902 - INFO    - keyword:男性
2022-05-14 09:59:46,902 - INFO    - keyword:女性
2022-05-14 09:59:46,902 - INFO    - keyword:年龄
2022-05-14 09:59:46,903 - INFO    - keyword:台湾地区
2022-05-14 09:59:46,913 - INFO    - keyword:病例
2022-05-14 09:59:46,914 - INFO    - keyword:本土
2022-05-14 09:59:46,915 - INFO    - keyword:感染者
2022-05-14 09:59:46,919 - INFO    - keyword:杭州市
2022-05-14 09:59:46,919 - INFO    - keyword:报告
2022-05-14 09:59:46,919 - INFO    - keyword:医学观察
2022-05-14 09:59:46,920 - INFO    - keyword:浙江
2022-05-14 09:59:46,920 - INFO    - keyword:衢州市
2022-05-14 09:59:46,920 - INFO    - keyword:台州市
2022-05-14 09:59:46,951 - INFO    - keyword:威胁
2022-05-14 09:59:46,952 - INFO    - keyword:技术
2022-05-14 09:59:46,953 - INFO    - keyword:活动
2022-05-14 09:59:46,954 - INFO    - keyword:合规
2022-05-14 09:59:46,955 - INFO    - keyword:参与者
2022-05-14 09:59:46,957 - INFO    - keyword:情报
2022-05-14 09:59:46,960 - INFO    - keyword:峰会
2022-05-14 09:59:46,963 - INFO    - keyword:风险
2022-05-14 09:59:46,963 - INFO    - keyword:身份
2022-05-14 09:59:46,963 - INFO    - keyword:数字
2022-05-14 09:59:47,029 - INFO    - keyword:员工
2022-05-14 09:59:47,030 - INFO    - keyword:台当局
2022-05-14 09:59:47,031 - INFO    - keyword:直属机构
2022-05-14 09:59:47,032 - INFO    - keyword:通报
2022-05-14 09:59:47,034 - INFO    - keyword:总统府
2022-05-14 09:59:47,035 - INFO    - keyword:疫情
2022-05-14 09:59:47,035 - INFO    - keyword:英文
2022-05-14 09:59:47,035 - INFO    - keyword:新闻网
2022-05-14 09:59:47,036 - INFO    - keyword:单日
2022-05-14 09:59:47,036 - INFO    - keyword:新冠
2022-05-14 09:59:47,055 - INFO    - keyword:煤机
2022-05-14 09:59:47,055 - INFO    - keyword:新能源
2022-05-14 09:59:47,056 - INFO    - keyword:汽车
2022-05-14 09:59:47,057 - INFO    - keyword:公司
2022-05-14 09:59:47,057 - INFO    - keyword:板块
2022-05-14 09:59:47,057 - INFO    - keyword:新科
2022-05-14 09:59:47,057 - INFO    - keyword:净利润
2022-05-14 09:59:47,057 - INFO    - keyword:目标价
2022-05-14 09:59:47,057 - INFO    - keyword:重组
2022-05-14 09:59:47,058 - INFO    - keyword:电机
2022-05-14 09:59:47,110 - INFO    - keyword:藏品
2022-05-14 09:59:47,114 - INFO    - keyword:数字
2022-05-14 09:59:47,115 - INFO    - keyword:产业
2022-05-14 09:59:47,116 - INFO    - keyword:用户
2022-05-14 09:59:47,116 - INFO    - keyword:文创
2022-05-14 09:59:47,118 - INFO    - keyword:区块
2022-05-14 09:59:47,120 - INFO    - keyword:宇宙
2022-05-14 09:59:47,125 - INFO    - keyword:交易
2022-05-14 09:59:47,128 - INFO    - keyword:文化
2022-05-14 09:59:47,189 - INFO    - keyword:电信
2022-05-14 09:59:47,192 - INFO    - keyword:盈利
2022-05-14 09:59:47,194 - INFO    - keyword:服务收入
2022-05-14 09:59:47,198 - INFO    - keyword:铁塔
2022-05-14 09:59:47,200 - INFO    - keyword:预计
2022-05-14 09:59:47,202 - INFO    - keyword:行业
2022-05-14 09:59:47,205 - INFO    - keyword:H股
2022-05-14 09:59:47,205 - INFO    - keyword:固网
2022-05-14 09:59:47,242 - INFO    - keyword:中巴
2022-05-14 09:59:47,246 - INFO    - keyword:走廊
2022-05-14 09:59:47,248 - INFO    - keyword:高质量
2022-05-14 09:59:47,249 - INFO    - keyword:建设
2022-05-14 09:59:47,251 - INFO    - keyword:经济
2022-05-14 09:59:47,253 - INFO    - keyword:总理
2022-05-14 09:59:47,256 - INFO    - keyword:巴兹
2022-05-14 09:59:47,258 - INFO    - keyword:巴基斯坦
2022-05-14 09:59:47,261 - INFO    - keyword:巴新
2022-05-14 09:59:47,264 - INFO    - keyword:记者会
2022-05-14 09:59:47,376 - INFO    - keyword:前区
2022-05-14 09:59:47,378 - INFO    - keyword:大乐透
2022-05-14 09:59:47,378 - INFO    - keyword:定位
2022-05-14 09:59:47,378 - INFO    - keyword:间距
2022-05-14 09:59:47,379 - INFO    - keyword:号码
2022-05-14 09:59:47,379 - INFO    - keyword:分析
2022-05-14 09:59:47,380 - INFO    - keyword:奖号
2022-05-14 09:59:47,381 - INFO    - keyword:奇偶比
2022-05-14 09:59:47,381 - INFO    - keyword:小号
2022-05-14 09:59:47,382 - INFO    - keyword:奇数
2022-05-14 09:59:47,544 - INFO    - keyword:汽油
2022-05-14 09:59:47,551 - INFO    - keyword:俄罗斯
2022-05-14 09:59:47,553 - INFO    - keyword:涨价
2022-05-14 09:59:47,555 - INFO    - keyword:美国
2022-05-14 09:59:47,557 - INFO    - keyword:生产国
2022-05-14 09:59:47,559 - INFO    - keyword:普京
2022-05-14 09:59:47,562 - INFO    - keyword:乙醇
2022-05-14 09:59:47,567 - INFO    - keyword:口误
2022-05-14 09:59:47,571 - INFO    - keyword:家庭
2022-05-14 09:59:47,573 - INFO    - keyword:费用
2022-05-14 09:59:47,803 - INFO    - keyword:锦标赛
2022-05-14 09:59:47,806 - INFO    - keyword:小鸟
2022-05-14 09:59:47,808 - INFO    - keyword:死鸟
2022-05-14 09:59:47,810 - INFO    - keyword:标准杆
2022-05-14 09:59:47,811 - INFO    - keyword:柏忌
2022-05-14 09:59:47,816 - INFO    - keyword:球道
2022-05-14 09:59:47,816 - INFO    - keyword:领先
2022-05-14 09:59:47,817 - INFO    - keyword:冠军
2022-05-14 09:59:47,818 - INFO    - keyword:鸟交
2022-05-14 09:59:47,818 - INFO    - keyword:杆数
2022-05-14 09:59:47,845 - INFO    - 关键词获取完毕，数据写入路径 Recommend/data/keywords
