2022-04-14 17:08:48,958 - INFO    - url:https://news.sina.com.cn/c/2022-04-14/doc-imcwipii4259435.shtml
2022-04-14 17:08:48,960 - INFO    - url:https://finance.sina.com.cn/stock/usstock/c/2022-04-14/doc-imcwiwst1823035.shtml
2022-04-14 17:08:48,963 - INFO    - url:https://news.sina.com.cn/s/2022-04-14/doc-imcwiwst1781896.shtml
2022-04-14 17:08:48,966 - INFO    - url:https://finance.sina.com.cn/jjxw/2022-04-14/doc-imcwiwst1823905.shtml
2022-04-14 17:08:48,967 - INFO    - url:https://finance.sina.com.cn/stock/usstock/c/2022-04-14/doc-imcwiwst1821716.shtml
2022-04-14 17:08:48,968 - INFO    - url:https://news.sina.com.cn/o/2022-04-14/doc-imcwipii4207491.shtml
2022-04-14 17:08:48,969 - INFO    - url:https://news.sina.com.cn/w/2022-04-14/doc-imcwiwst1808038.shtml
2022-04-14 17:08:48,970 - INFO    - url:https://finance.sina.com.cn/jjxw/2022-04-14/doc-imcwiwst1823529.shtml
2022-04-14 17:08:48,970 - INFO    - url:https://finance.sina.com.cn/money/bond/market/2022-04-14/doc-imcwipii4265116.shtml
2022-04-14 17:08:48,971 - INFO    - url:https://news.sina.com.cn/o/2022-04-14/doc-imcwipii4256814.shtml
2022-04-14 17:08:48,973 - INFO    - url:https://ent.sina.com.cn/v/m/2022-04-14/doc-imcwipii4215263.shtml
2022-04-14 17:08:48,973 - INFO    - url:https://news.sina.com.cn/s/2022-04-14/doc-imcwipii4201364.shtml
2022-04-14 17:08:48,974 - INFO    - url:https://mil.news.sina.com.cn/world/2022-04-14/doc-imcwipii4262230.shtml
2022-04-14 17:08:48,974 - INFO    - url:https://finance.sina.com.cn/chanjing/gsnews/2022-04-14/doc-imcwiwst1823229.shtml
2022-04-14 17:08:48,975 - INFO    - url:https://news.sina.com.cn/w/2022-04-14/doc-imcwiwst1789726.shtml
2022-04-14 17:08:48,976 - INFO    - url:https://finance.sina.com.cn/stock/usstock/c/2022-04-14/doc-imcwiwst1817139.shtml
2022-04-14 17:08:48,976 - INFO    - url:https://news.sina.com.cn/c/2022-04-14/doc-imcwiwst1810356.shtml
2022-04-14 17:08:48,978 - INFO    - url:https://finance.sina.com.cn/tech/2022-04-14/doc-imcwipii4266832.shtml
2022-04-14 17:08:48,978 - INFO    - url:https://ent.sina.com.cn/y/youmei/2022-04-13/doc-imcwiwst1604758.shtml
2022-04-14 17:08:48,978 - INFO    - url:https://news.sina.com.cn/s/2022-04-14/doc-imcwiwst1677609.shtml
2022-04-14 17:08:48,981 - INFO    - url:https://sports.sina.com.cn/l/2022-04-14/doc-imcwipii4183230.shtml
2022-04-14 17:08:48,981 - INFO    - url:https://mil.news.sina.com.cn/2022-04-14/doc-imcwiwst1790971.shtml
2022-04-14 17:08:48,981 - INFO    - url:https://news.sina.com.cn/w/2022-04-14/doc-imcwiwst1788069.shtml
2022-04-14 17:08:48,981 - INFO    - url:https://finance.sina.com.cn/consume/puguangtai/2022-04-14/doc-imcwiwst1823071.shtml
2022-04-14 17:08:48,983 - INFO    - url:https://finance.sina.com.cn/stock/hyyj/2022-04-14/doc-imcwipii4269926.shtml
2022-04-14 17:08:48,984 - INFO    - url:https://finance.sina.com.cn/money/future/roll/2022-04-14/doc-imcwipii4265481.shtml
2022-04-14 17:08:48,985 - INFO    - url:https://news.sina.com.cn/o/2022-04-14/doc-imcwiwst1809587.shtml
2022-04-14 17:08:48,986 - INFO    - url:http://finance.sina.com.cn/tech/csj/2022-04-14/doc-imcwipii4264617.shtml
2022-04-14 17:08:48,986 - INFO    - url:https://ent.sina.com.cn/j/sandd/2022-04-13/doc-imcwipii3974680.shtml
2022-04-14 17:08:48,986 - INFO    - url:https://news.sina.com.cn/s/2022-04-13/doc-imcwiwst1673931.shtml
2022-04-14 17:08:48,987 - INFO    - url:https://sports.sina.com.cn/l/2022-04-14/doc-imcwipii4182913.shtml
2022-04-14 17:08:48,987 - INFO    - url:https://news.sina.com.cn/w/2022-04-14/doc-imcwiwst1761179.shtml
2022-04-14 17:08:48,988 - INFO    - url:https://mil.news.sina.com.cn/china/2022-04-14/doc-imcwiwst1790063.shtml
2022-04-14 17:08:48,988 - INFO    - url:https://finance.sina.com.cn/stock/usstock/c/2022-04-14/doc-imcwiwst1823035.shtml
2022-04-14 17:08:48,988 - INFO    - url:https://finance.sina.com.cn/stock/usstock/c/2022-04-14/doc-imcwiwst1823035.shtml
2022-04-14 17:08:48,988 - INFO    - url:https://finance.sina.com.cn/stock/usstock/c/2022-04-14/doc-imcwiwst1817556.shtml
2022-04-14 17:08:48,989 - INFO    - url:https://news.sina.com.cn/c/2022-04-14/doc-imcwiwst1808407.shtml
2022-04-14 17:08:48,989 - INFO    - url:http://finance.sina.com.cn/tech/csj/2022-04-14/doc-imcwipii4263919.shtml
2022-04-14 17:08:48,989 - INFO    - url:https://ent.sina.com.cn/tv/zy/2022-04-13/doc-imcwiwst1510039.shtml
2022-04-14 17:08:48,992 - INFO    - url:https://finance.sina.com.cn/stock/s/2022-04-14/doc-imcwipii4268558.shtml
2022-04-14 17:08:48,992 - INFO    - url:https://news.sina.com.cn/w/2022-04-14/doc-imcwipii4199540.shtml
2022-04-14 17:08:48,992 - INFO    - url:https://finance.sina.com.cn/stock/s/2022-04-14/doc-imcwipii4268558.shtml
2022-04-14 17:08:48,992 - INFO    - url:https://news.sina.com.cn/s/2022-04-14/doc-imcwipii4105620.shtml
2022-04-14 17:08:48,993 - INFO    - url:https://sports.sina.com.cn/g/laliga/2022-04-14/doc-imcwipii4264515.shtml
2022-04-14 17:08:48,993 - INFO    - url:https://ent.sina.com.cn/v/m/2022-04-12/doc-imcwiwst1400509.shtml
2022-04-14 17:08:48,993 - INFO    - url:https://finance.sina.com.cn/stock/hkstock/ggscyd/2022-04-14/doc-imcwiwst1818049.shtml
2022-04-14 17:08:48,993 - INFO    - url:https://mil.news.sina.com.cn/2022-04-14/doc-imcwipii4235269.shtml
2022-04-14 17:08:48,993 - INFO    - url:https://finance.sina.com.cn/stock/hkstock/ggscyd/2022-04-14/doc-imcwipii4267689.shtml
2022-04-14 17:08:48,993 - INFO    - url:https://news.sina.com.cn/c/2022-04-14/doc-imcwipii4254011.shtml
2022-04-14 17:08:48,994 - INFO    - url:https://finance.sina.com.cn/tech/2022-04-14/doc-imcwiwst1822251.shtml
2022-04-14 17:08:48,994 - INFO    - url:https://news.sina.com.cn/w/2022-04-14/doc-imcwipii4202071.shtml
2022-04-14 17:08:48,994 - INFO    - url:https://finance.sina.com.cn/stock/hkstock/ggscyd/2022-04-14/doc-imcwipii4267689.shtml
2022-04-14 17:08:48,994 - INFO    - url:https://news.sina.com.cn/s/2022-04-13/doc-imcwipii4087791.shtml
2022-04-14 17:08:48,995 - INFO    - url:https://sports.sina.com.cn/l/2022-02-17/doc-ikyakumy6362813.shtml
2022-04-14 17:08:48,995 - INFO    - url:https://ent.sina.com.cn/v/m/2022-04-12/doc-imcwipii3837831.shtml
2022-04-14 17:08:48,996 - INFO    - url:https://finance.sina.com.cn/stock/usstock/c/2022-04-14/doc-imcwipii4262301.shtml
2022-04-14 17:08:48,996 - INFO    - url:https://mil.news.sina.com.cn/2022-04-14/doc-imcwiwst1762978.shtml
2022-04-14 17:08:48,996 - INFO    - url:https://finance.sina.com.cn/stock/y/2022-04-14/doc-imcwiwst1821839.shtml
2022-04-14 17:08:48,996 - INFO    - url:https://news.sina.com.cn/c/2022-04-14/doc-imcwiwst1808393.shtml
2022-04-14 17:08:48,997 - INFO    - url:https://finance.sina.com.cn/tech/2022-04-14/doc-imcwipii4258408.shtml
2022-04-14 17:08:48,997 - INFO    - url:https://news.sina.com.cn/w/2022-04-14/doc-imcwipii4198373.shtml
2022-04-14 17:08:48,997 - INFO    - url:https://finance.sina.com.cn/stock/y/2022-04-14/doc-imcwiwst1821839.shtml
2022-04-14 17:08:48,999 - INFO    - url:https://news.sina.com.cn/s/2022-04-13/doc-imcwiwst1645267.shtml
2022-04-14 17:08:49,000 - INFO    - url:https://sports.sina.com.cn/g/laliga/2022-04-14/doc-imcwipii4262205.shtml
2022-04-14 17:08:49,000 - INFO    - url:https://ent.sina.com.cn/y/youmei/2022-04-12/doc-imcwiwst1390396.shtml
2022-04-14 17:08:49,000 - INFO    - url:https://finance.sina.com.cn/money/forex/hbfx/2022-04-14/doc-imcwipii4261653.shtml
2022-04-14 17:08:49,001 - INFO    - url:https://mil.news.sina.com.cn/world/2022-04-14/doc-imcwiwst1761148.shtml
2022-04-14 17:08:49,001 - INFO    - url:https://finance.sina.com.cn/stock/usstock/c/2022-04-14/doc-imcwiwst1821716.shtml
2022-04-14 17:08:49,001 - INFO    - url:https://news.sina.com.cn/c/2022-04-14/doc-imcwipii4254000.shtml
2022-04-14 17:08:49,002 - INFO    - url:https://finance.sina.com.cn/tech/2022-04-14/doc-imcwiwst1810298.shtml
2022-04-14 17:08:49,002 - INFO    - url:https://news.sina.com.cn/w/2022-04-14/doc-imcwiwst1749450.shtml
2022-04-14 17:08:49,002 - INFO    - url:https://finance.sina.com.cn/stock/usstock/c/2022-04-14/doc-imcwiwst1821716.shtml
2022-04-14 17:08:49,002 - INFO    - url:https://news.sina.com.cn/s/2022-04-13/doc-imcwipii4038097.shtml
2022-04-14 17:08:49,003 - INFO    - url:https://ent.sina.com.cn/y/youmei/2022-04-12/doc-imcwipii3835039.shtml
2022-04-14 17:08:49,003 - INFO    - url:https://sports.sina.com.cn/l/2022-04-14/doc-imcwiwst1815028.shtml
2022-04-14 17:08:49,003 - INFO    - url:https://finance.sina.com.cn/stock/usstock/c/2022-04-14/doc-imcwiwst1814917.shtml
2022-04-14 17:08:49,003 - INFO    - url:https://finance.sina.com.cn/stock/hkstock/hshknews/2022-04-14/doc-imcwiwst1821022.shtml
2022-04-14 17:08:49,004 - INFO    - url:https://mil.news.sina.com.cn/2022-04-14/doc-imcwiwst1756474.shtml
2022-04-14 17:08:49,004 - INFO    - url:https://news.sina.com.cn/c/2022-04-14/doc-imcwiwst1803923.shtml
2022-04-14 17:08:49,004 - INFO    - url:https://finance.sina.com.cn/tech/2022-04-14/doc-imcwipii4253944.shtml
2022-04-14 17:08:49,005 - INFO    - url:https://finance.sina.com.cn/china/dfjj/2022-04-14/doc-imcwipii4267021.shtml
2022-04-14 17:08:49,005 - INFO    - url:https://news.sina.com.cn/w/2022-04-14/doc-imcwiwst1747231.shtml
2022-04-14 17:08:49,005 - INFO    - url:https://ent.sina.com.cn/v/m/2022-04-12/doc-imcwipii3832889.shtml
2022-04-14 17:08:49,006 - INFO    - url:https://news.sina.com.cn/s/2022-04-13/doc-imcwiwst1583956.shtml
2022-04-14 17:08:49,006 - INFO    - url:https://sports.sina.com.cn/l/2022-04-14/doc-imcwipii4254655.shtml
2022-04-14 17:08:49,006 - INFO    - url:https://finance.sina.com.cn/money/bond/market/2022-04-14/doc-imcwipii4265116.shtml
2022-04-14 17:08:49,007 - INFO    - url:https://finance.sina.com.cn/stock/usstock/c/2022-04-14/doc-imcwiwst1814615.shtml
2022-04-14 17:08:49,007 - INFO    - url:https://mil.news.sina.com.cn/world/2022-04-14/doc-imcwipii4190786.shtml
2022-04-14 17:08:49,007 - INFO    - url:https://news.sina.com.cn/c/2022-04-14/doc-imcwiwst1803575.shtml
2022-04-14 17:08:49,007 - INFO    - url:https://finance.sina.com.cn/tech/2022-04-14/doc-imcwiwst1807560.shtml
2022-04-14 17:08:49,008 - INFO    - url:https://finance.sina.com.cn/china/gncj/2022-04-14/doc-imcwiwst1820964.shtml
2022-04-14 17:08:49,008 - INFO    - url:https://news.sina.com.cn/w/2022-04-14/doc-imcwipii4197710.shtml
2022-04-14 17:08:49,008 - INFO    - url:https://ent.sina.com.cn/m/c/2022-04-12/doc-imcwipii3793520.shtml
2022-04-14 17:08:49,009 - INFO    - url:https://sports.sina.com.cn/g/pl/2022-04-14/doc-imcwipii4250835.shtml
2022-04-14 17:08:49,009 - INFO    - url:https://news.sina.com.cn/s/2022-04-13/doc-imcwiwst1567316.shtml
2022-04-14 17:08:49,009 - INFO    - url:https://finance.sina.com.cn/stock/marketresearch/2022-04-14/doc-imcwipii4265890.shtml
2022-04-14 17:08:49,009 - INFO    - url:https://finance.sina.com.cn/roll/2022-04-14/doc-imcwiwst1815253.shtml
2022-04-14 17:08:49,010 - INFO    - url:https://mil.news.sina.com.cn/2022-04-13/doc-imcwipii4119721.shtml
2022-04-14 17:08:49,010 - INFO    - url:https://finance.sina.com.cn/tech/2022-04-14/doc-imcwipii4253292.shtml
2022-04-14 17:08:49,010 - INFO    - url:https://finance.sina.com.cn/china/gncj/2022-04-14/doc-imcwiwst1823074.shtml
2022-04-14 17:08:49,011 - INFO    - url:https://news.sina.com.cn/o/2022-04-14/doc-imcwiwst1802718.shtml
2022-04-14 17:08:49,011 - INFO    - url:https://news.sina.com.cn/w/2022-04-14/doc-imcwipii4181853.shtml
2022-04-14 17:08:49,011 - INFO    - url:https://ent.sina.com.cn/v/m/2022-04-11/doc-imcwiwst1171692.shtml
2022-04-14 17:08:49,011 - INFO    - url:https://news.sina.com.cn/o/2022-04-13/doc-imcwiwst1547971.shtml
2022-04-14 17:08:49,012 - INFO    - url:https://sports.sina.com.cn/g/seriea/2022-04-14/doc-imcwipii4250620.shtml
2022-04-14 17:08:49,012 - INFO    - url:https://finance.sina.com.cn/stock/s/2022-04-14/doc-imcwiwst1817478.shtml
2022-04-14 17:08:49,012 - INFO    - url:https://finance.sina.com.cn/jjxw/2022-04-14/doc-imcwipii4259130.shtml
2022-04-14 17:08:49,013 - INFO    - url:https://mil.news.sina.com.cn/2022-04-13/doc-imcwiwst1671197.shtml
2022-04-14 17:08:49,013 - INFO    - url:https://finance.sina.com.cn/tech/2022-04-14/doc-imcwipii4251667.shtml
2022-04-14 17:08:49,013 - INFO    - url:https://finance.sina.com.cn/jjxw/2022-04-14/doc-imcwiwst1822104.shtml
2022-04-14 17:08:49,014 - INFO    - url:https://news.sina.com.cn/c/2022-04-14/doc-imcwipii4246242.shtml
2022-04-14 17:08:49,014 - INFO    - url:https://news.sina.com.cn/w/2022-04-14/doc-imcwiwst1733157.shtml
2022-04-14 17:08:49,014 - INFO    - url:https://ent.sina.com.cn/m/2022-04-11/doc-imcwiwst1128665.shtml
2022-04-14 17:08:49,014 - INFO    - url:https://news.sina.com.cn/s/2022-04-13/doc-imcwipii3960269.shtml
2022-04-14 17:08:49,015 - INFO    - url:https://finance.sina.com.cn/stock/jsy/2022-04-14/doc-imcwiwst1817752.shtml
2022-04-14 17:08:49,015 - INFO    - url:https://sports.sina.com.cn/g/pl/2022-04-14/doc-imcwipii4250337.shtml
2022-04-14 17:08:49,015 - INFO    - url:https://finance.sina.com.cn/stock/usstock/c/2022-04-14/doc-imcwipii4257696.shtml
2022-04-14 17:08:49,016 - INFO    - url:https://mil.news.sina.com.cn/2022-04-13/doc-imcwipii4117342.shtml
2022-04-14 17:08:49,016 - INFO    - url:https://finance.sina.com.cn/tech/2022-04-14/doc-imcwiwst1805682.shtml
2022-04-14 17:08:49,016 - INFO    - url:https://finance.sina.com.cn/china/gncj/2022-04-14/doc-imcwiwst1821339.shtml
2022-04-14 17:08:49,017 - INFO    - url:https://news.sina.com.cn/o/2022-04-14/doc-imcwipii4243337.shtml
2022-04-14 17:08:49,017 - INFO    - url:https://news.sina.com.cn/w/2022-04-14/doc-imcwipii4172056.shtml
2022-04-14 17:08:49,017 - INFO    - url:https://ent.sina.com.cn/m/2022-04-11/doc-imcwipii3562795.shtml
2022-04-14 17:08:49,017 - INFO    - url:https://news.sina.com.cn/s/2022-04-13/doc-imcwipii3962537.shtml
2022-04-14 17:08:49,018 - INFO    - url:https://finance.sina.com.cn/stock/usstock/c/2022-04-14/doc-imcwiwst1817139.shtml
2022-04-14 17:08:49,018 - INFO    - url:https://sports.sina.com.cn/l/2022-04-14/doc-imcwiwst1815532.shtml
2022-04-14 17:08:49,018 - INFO    - url:https://finance.sina.com.cn/stock/usstock/c/2022-04-14/doc-imcwipii4257354.shtml
2022-04-14 17:08:49,019 - INFO    - url:https://mil.news.sina.com.cn/2022-04-13/doc-imcwiwst1669584.shtml
2022-04-14 17:08:49,019 - INFO    - url:https://finance.sina.com.cn/tech/2022-04-14/doc-imcwipii4251802.shtml
2022-04-14 17:08:49,019 - INFO    - url:https://news.sina.com.cn/c/2022-04-14/doc-imcwiwst1794257.shtml
2022-04-14 17:08:49,019 - INFO    - url:https://finance.sina.com.cn/world/gjcj/2022-04-14/doc-imcwiwst1822076.shtml
2022-04-14 17:08:49,020 - INFO    - url:https://news.sina.com.cn/w/2022-04-14/doc-imcwiwst1725099.shtml
2022-04-14 17:08:49,020 - INFO    - url:https://ent.sina.com.cn/s/m/2022-04-10/doc-imcwipii3432576.shtml
2022-04-14 17:08:49,021 - INFO    - url:https://finance.sina.com.cn/money/future/roll/2022-04-14/doc-imcwipii4265481.shtml
2022-04-14 17:08:49,021 - INFO    - url:https://news.sina.com.cn/s/2022-04-13/doc-imcwipii3953882.shtml
2022-04-14 17:08:49,021 - INFO    - url:https://sports.sina.com.cn/g/laliga/2022-04-14/doc-imcwiwst1800251.shtml
2022-04-14 17:08:49,021 - INFO    - url:https://finance.sina.com.cn/stock/hkstock/ggscyd/2022-04-14/doc-imcwiwst1813449.shtml
2022-04-14 17:08:49,022 - INFO    - url:https://mil.news.sina.com.cn/world/2022-04-13/doc-imcwipii4114253.shtml
2022-04-14 17:08:49,022 - INFO    - url:https://finance.sina.com.cn/tech/2022-04-14/doc-imcwiwst1805634.shtml
2022-04-14 17:08:49,022 - INFO    - url:https://news.sina.com.cn/c/2022-04-14/doc-imcwipii4240596.shtml
2022-04-14 17:08:49,022 - INFO    - url:https://finance.sina.com.cn/jjxw/2022-04-14/doc-imcwiwst1822088.shtml
2022-04-14 17:08:49,023 - INFO    - url:https://news.sina.com.cn/w/2022-04-14/doc-imcwiwst1720241.shtml
2022-04-14 17:08:49,023 - INFO    - url:https://ent.sina.com.cn/v/h/2022-04-10/doc-imcwipii3385854.shtml
2022-04-14 17:08:49,023 - INFO    - url:https://finance.sina.com.cn/stock/s/2022-04-14/doc-imcwipii4262624.shtml
2022-04-14 17:08:49,024 - INFO    - url:https://sports.sina.com.cn/l/2022-04-14/doc-imcwipii4244603.shtml
2022-04-14 17:08:49,024 - INFO    - url:https://news.sina.com.cn/s/2022-04-13/doc-imcwipii3889994.shtml
2022-04-14 17:08:49,024 - INFO    - url:https://mil.news.sina.com.cn/2022-04-13/doc-imcwipii4114258.shtml
2022-04-14 17:08:49,024 - INFO    - url:https://finance.sina.com.cn/world/2022-04-14/doc-imcwiwst1811437.shtml
2022-04-14 17:08:49,025 - INFO    - url:https://finance.sina.com.cn/tech/2022-04-14/doc-imcwipii4251319.shtml
2022-04-14 17:08:49,025 - INFO    - url:https://news.sina.com.cn/o/2022-04-14/doc-imcwipii4235194.shtml
2022-04-14 17:08:49,025 - INFO    - url:https://finance.sina.com.cn/chanjing/cyxw/2022-04-14/doc-imcwiwst1820071.shtml
2022-04-14 17:08:49,025 - INFO    - url:https://news.sina.com.cn/w/2022-04-14/doc-imcwiwst1718510.shtml
2022-04-14 17:08:49,026 - INFO    - url:https://finance.sina.com.cn/stock/usstock/c/2022-04-14/doc-imcwiwst1817556.shtml
2022-04-14 17:08:49,026 - INFO    - url:https://ent.sina.com.cn/v/m/2022-04-09/doc-imcwipii3244167.shtml
2022-04-14 17:08:49,027 - INFO    - url:https://sports.sina.com.cn/l/2022-04-14/doc-imcwipii4244081.shtml
2022-04-14 17:08:49,027 - INFO    - url:https://news.sina.com.cn/s/2022-04-12/doc-imcwipii3885452.shtml
2022-04-14 17:08:49,027 - INFO    - url:https://mil.news.sina.com.cn/world/2022-04-13/doc-imcwiwst1653210.shtml
2022-04-14 17:08:49,028 - INFO    - url:https://finance.sina.com.cn/stock/usstock/c/2022-04-14/doc-imcwiwst1811367.shtml
2022-04-14 17:08:49,028 - INFO    - url:https://finance.sina.com.cn/tech/2022-04-14/doc-imcwiwst1802253.shtml
2022-04-14 17:08:49,028 - INFO    - url:https://news.sina.com.cn/c/2022-04-14/doc-imcwipii4231102.shtml
2022-04-14 17:08:49,029 - INFO    - url:https://finance.sina.com.cn/china/2022-04-14/doc-imcwipii4265947.shtml
2022-04-14 17:08:49,029 - INFO    - url:https://finance.sina.com.cn/stock/hkstock/ggscyd/2022-04-14/doc-imcwiwst1818049.shtml
2022-04-14 17:08:49,029 - INFO    - url:https://news.sina.com.cn/w/2022-04-14/doc-imcwiwst1719279.shtml
2022-04-14 17:08:49,030 - INFO    - url:https://ent.sina.com.cn/v/m/2022-04-09/doc-imcwipii3243086.shtml
2022-04-14 17:08:49,030 - INFO    - url:https://sports.sina.com.cn/l/2022-04-14/doc-imcwiwst1796820.shtml
2022-04-14 17:08:49,030 - INFO    - url:https://news.sina.com.cn/o/2022-04-12/doc-imcwipii3884338.shtml
2022-04-14 17:08:49,030 - INFO    - url:https://mil.news.sina.com.cn/2022-04-13/doc-imcwipii4099380.shtml
2022-04-14 17:08:49,031 - INFO    - url:https://finance.sina.com.cn/stock/hkstock/ggscyd/2022-04-14/doc-imcwipii4255709.shtml
2022-04-14 17:08:49,031 - INFO    - url:https://finance.sina.com.cn/tech/2022-04-14/doc-imcwipii4247146.shtml
2022-04-14 17:08:49,031 - INFO    - url:https://news.sina.com.cn/c/2022-04-14/doc-imcwiwst1771933.shtml
2022-04-14 17:08:49,032 - INFO    - url:https://finance.sina.com.cn/china/2022-04-14/doc-imcwipii4265547.shtml
2022-04-14 17:08:49,032 - INFO    - url:https://finance.sina.com.cn/stock/usstock/c/2022-04-14/doc-imcwipii4262301.shtml
2022-04-14 17:08:49,032 - INFO    - url:https://news.sina.com.cn/w/2022-04-14/doc-imcwipii4163798.shtml
2022-04-14 17:08:49,032 - INFO    - url:https://ent.sina.com.cn/tv/zy/2022-04-08/doc-imcwiwst0638704.shtml
2022-04-14 17:08:49,032 - INFO    - url:https://sports.sina.com.cn/l/2022-04-14/doc-imcwiwst1796606.shtml
2022-04-14 17:08:49,033 - INFO    - url:https://news.sina.com.cn/s/2022-04-12/doc-imcwiwst1433607.shtml
2022-04-14 17:08:49,033 - INFO    - url:https://mil.news.sina.com.cn/world/2022-04-13/doc-imcwipii4086793.shtml
2022-04-14 17:08:49,033 - INFO    - url:https://finance.sina.com.cn/money/bond/market/2022-04-14/doc-imcwiwst1809473.shtml
2022-04-14 17:08:49,034 - INFO    - url:https://news.sina.com.cn/o/2022-04-14/doc-imcwipii4203055.shtml
2022-04-14 17:08:49,034 - INFO    - url:https://finance.sina.com.cn/tech/2022-04-14/doc-imcwiwst1800754.shtml
2022-04-14 17:08:49,034 - INFO    - url:https://finance.sina.com.cn/stock/jsy/2022-04-14/doc-imcwiwst1816195.shtml
2022-04-14 17:08:49,035 - INFO    - url:https://news.sina.com.cn/w/2022-04-14/doc-imcwiwst1716868.shtml
2022-04-14 17:08:49,035 - INFO    - url:https://finance.sina.com.cn/money/bond/market/2022-04-14/doc-imcwipii4265116.shtml
2022-04-14 17:08:49,035 - INFO    - url:https://ent.sina.com.cn/tv/zy/2022-04-08/doc-imcwiwst0621516.shtml
2022-04-14 17:08:49,036 - INFO    - url:https://sports.sina.com.cn/l/2022-04-14/doc-imcwipii4241516.shtml
2022-04-14 17:08:49,036 - INFO    - url:https://news.sina.com.cn/o/2022-04-12/doc-imcwipii3860734.shtml
2022-04-14 17:08:49,036 - INFO    - url:https://mil.news.sina.com.cn/2022-04-13/doc-imcwiwst1635986.shtml
2022-04-14 17:08:49,037 - INFO    - url:https://finance.sina.com.cn/stock/usstock/c/2022-04-14/doc-imcwipii4252399.shtml
2022-04-14 17:08:49,037 - INFO    - url:https://finance.sina.com.cn/tech/2022-04-14/doc-imcwipii4247963.shtml
2022-04-14 17:08:49,037 - INFO    - url:https://news.sina.com.cn/c/2022-04-14/doc-imcwipii4201546.shtml
2022-04-14 17:08:49,038 - INFO    - url:https://finance.sina.com.cn/money/forex/hbfx/2022-04-14/doc-imcwipii4261653.shtml
2022-04-14 17:08:49,038 - INFO    - url:https://news.sina.com.cn/w/2022-04-14/doc-imcwipii4161864.shtml
2022-04-14 17:08:49,038 - INFO    - url:https://finance.sina.com.cn/money/future/fmnews/2022-04-14/doc-imcwiwst1819304.shtml
2022-04-14 17:08:49,038 - INFO    - url:https://ent.sina.com.cn/s/m/2022-04-08/doc-imcwipii3031831.shtml
2022-04-14 17:08:49,039 - INFO    - url:https://sports.sina.com.cn/l/2022-04-14/doc-imcwiwst1795796.shtml
2022-04-14 17:08:49,040 - INFO    - url:https://news.sina.com.cn/o/2022-04-12/doc-imcwiwst1386026.shtml
2022-04-14 17:08:49,040 - INFO    - url:https://finance.sina.com.cn/stock/usstock/c/2022-04-14/doc-imcwipii4249255.shtml
2022-04-14 17:08:49,040 - INFO    - url:https://mil.news.sina.com.cn/china/2022-04-13/doc-imcwipii4067426.shtml
2022-04-14 17:08:49,040 - INFO    - url:http://finance.sina.com.cn/tech/csj/2022-04-14/doc-imcwipii4244578.shtml
2022-04-14 17:08:49,041 - INFO    - url:https://news.sina.com.cn/c/2022-04-14/doc-imcwiwst1754428.shtml
2022-04-14 17:08:49,041 - INFO    - url:https://finance.sina.com.cn/stock/jsy/2022-04-14/doc-imcwiwst1815651.shtml
2022-04-14 17:08:49,041 - INFO    - url:https://news.sina.com.cn/w/2022-04-14/doc-imcwiwst1716071.shtml
2022-04-14 17:08:49,041 - INFO    - url:https://finance.sina.com.cn/china/dfjj/2022-04-14/doc-imcwiwst1820208.shtml
2022-04-14 17:08:49,042 - INFO    - url:https://ent.sina.com.cn/y/yneidi/2022-04-07/doc-imcwipii2917666.shtml
2022-04-14 17:08:49,042 - INFO    - url:https://sports.sina.com.cn/l/2022-04-14/doc-imcwiwst1795618.shtml
2022-04-14 17:08:49,042 - INFO    - url:https://news.sina.com.cn/o/2022-04-12/doc-imcwipii3829005.shtml
2022-04-14 17:08:49,043 - INFO    - url:https://finance.sina.com.cn/stock/hkstock/hkstocknews/2022-04-14/doc-imcwipii4249323.shtml
2022-04-14 17:08:49,043 - INFO    - url:https://finance.sina.com.cn/tech/2022-04-14/doc-imcwipii4244474.shtml
2022-04-14 17:08:49,044 - INFO    - url:https://news.sina.com.cn/c/2022-04-14/doc-imcwipii4200017.shtml
2022-04-14 17:08:49,044 - INFO    - url:https://mil.news.sina.com.cn/2022-04-13/doc-imcwipii4059783.shtml
2022-04-14 17:08:49,044 - INFO    - url:https://finance.sina.com.cn/stock/y/2022-04-14/doc-imcwipii4266679.shtml
2022-04-14 17:08:49,045 - INFO    - url:https://news.sina.com.cn/w/2022-04-14/doc-imcwiwst1716075.shtml
2022-04-14 17:08:49,045 - INFO    - url:https://finance.sina.com.cn/jjxw/2022-04-14/doc-imcwipii4265548.shtml
2022-04-14 17:08:49,045 - INFO    - url:https://ent.sina.com.cn/v/m/2022-04-07/doc-imcwipii2911065.shtml
2022-04-14 17:08:49,045 - INFO    - url:https://sports.sina.com.cn/l/2022-04-14/doc-imcwiwst1795401.shtml
2022-04-14 17:08:49,046 - INFO    - url:https://finance.sina.com.cn/stock/usstock/c/2022-04-14/doc-imcwipii4248762.shtml
2022-04-14 17:08:49,046 - INFO    - url:http://finance.sina.com.cn/tech/csj/2022-04-14/doc-imcwipii4243657.shtml
2022-04-14 17:08:49,046 - INFO    - url:https://news.sina.com.cn/s/2022-04-12/doc-imcwipii3818803.shtml
2022-04-14 17:08:49,046 - INFO    - url:https://news.sina.com.cn/c/2022-04-14/doc-imcwiwst1752752.shtml
2022-04-14 17:08:49,047 - INFO    - url:https://mil.news.sina.com.cn/world/2022-04-13/doc-imcwipii4058861.shtml
2022-04-14 17:08:49,047 - INFO    - url:https://news.sina.com.cn/w/2022-04-14/doc-imcwipii4159224.shtml
2022-04-14 17:08:49,047 - INFO    - url:https://finance.sina.com.cn/stock/marketresearch/2022-04-14/doc-imcwiwst1819105.shtml
2022-04-14 17:08:49,048 - INFO    - url:https://ent.sina.com.cn/y/youmei/2022-04-07/doc-imcwiwst0460569.shtml
2022-04-14 17:08:49,048 - INFO    - url:https://finance.sina.com.cn/jjxw/2022-04-14/doc-imcwipii4265549.shtml
2022-04-14 17:08:49,048 - INFO    - url:https://sports.sina.com.cn/l/2022-04-14/doc-imcwipii4240777.shtml
2022-04-14 17:08:49,049 - INFO    - url:https://finance.sina.com.cn/stock/usstock/c/2022-04-14/doc-imcwiwst1802791.shtml
2022-04-14 17:08:49,049 - INFO    - url:https://news.sina.com.cn/c/2022-04-14/doc-imcwiwst1751794.shtml
2022-04-14 17:08:49,049 - INFO    - url:https://finance.sina.com.cn/tech/2022-04-14/doc-imcwiwst1796580.shtml
2022-04-14 17:08:49,050 - INFO    - url:https://news.sina.com.cn/o/2022-04-12/doc-imcwipii3804964.shtml
2022-04-14 17:08:49,050 - INFO    - url:https://mil.news.sina.com.cn/2022-04-13/doc-imcwiwst1612707.shtml
2022-04-14 17:08:49,050 - INFO    - url:https://news.sina.com.cn/w/2022-04-14/doc-imcwipii4158911.shtml
2022-04-14 17:08:49,051 - INFO    - url:https://finance.sina.com.cn/stock/marketresearch/2022-04-14/doc-imcwiwst1819013.shtml
2022-04-14 17:08:49,051 - INFO    - url:https://ent.sina.com.cn/v/j/2022-04-07/doc-imcwiwst0452939.shtml
2022-04-14 17:08:49,051 - INFO    - url:https://finance.sina.com.cn/china/2022-04-14/doc-imcwiwst1820185.shtml
2022-04-14 17:08:49,052 - INFO    - url:https://sports.sina.com.cn/l/2022-04-14/doc-imcwiwst1795075.shtml
2022-04-14 17:08:49,052 - INFO    - url:https://finance.sina.com.cn/stock/hkstock/ggscyd/2022-04-14/doc-imcwiwst1803052.shtml
2022-04-14 17:08:49,052 - INFO    - url:https://cul.news.sina.com.cn/2022-04-14/doc-imcwiwst1751184.shtml
2022-04-14 17:08:49,052 - INFO    - url:https://finance.sina.com.cn/tech/2022-04-14/doc-imcwiwst1795999.shtml
2022-04-14 17:08:49,053 - INFO    - url:https://news.sina.com.cn/o/2022-04-12/doc-imcwipii3805725.shtml
2022-04-14 17:08:49,053 - INFO    - url:https://news.sina.com.cn/w/2022-04-14/doc-imcwipii4158296.shtml
2022-04-14 17:08:49,054 - INFO    - url:https://mil.news.sina.com.cn/2022-04-13/doc-imcwiwst1614123.shtml
2022-04-14 17:08:49,054 - INFO    - url:https://finance.sina.com.cn/stock/s/2022-04-14/doc-imcwipii4263913.shtml
2022-04-14 17:08:49,054 - INFO    - url:https://finance.sina.com.cn/world/2022-04-14/doc-imcwipii4263659.shtml
2022-04-14 17:08:49,055 - INFO    - url:https://sports.sina.com.cn/l/2022-04-14/doc-imcwipii4240683.shtml
2022-04-14 17:08:49,055 - INFO    - url:https://finance.sina.com.cn/stock/usstock/c/2022-04-14/doc-imcwiwst1799939.shtml
2022-04-14 17:08:49,055 - INFO    - url:https://ent.sina.com.cn/v/m/2022-04-07/doc-imcwiwst0452655.shtml
2022-04-14 17:08:49,055 - INFO    - url:https://news.sina.com.cn/c/2022-04-14/doc-imcwipii4196379.shtml
2022-04-14 17:08:49,056 - INFO    - url:https://finance.sina.com.cn/tech/2022-04-14/doc-imcwipii4240646.shtml
2022-04-14 17:08:49,056 - INFO    - url:https://news.sina.com.cn/w/2022-04-14/doc-imcwipii4158227.shtml
2022-04-14 17:08:49,056 - INFO    - url:https://news.sina.com.cn/s/2022-04-12/doc-imcwipii3756105.shtml
2022-04-14 17:08:49,056 - INFO    - url:https://finance.sina.com.cn/stock/marketresearch/2022-04-14/doc-imcwiwst1817857.shtml
2022-04-14 17:08:49,057 - INFO    - url:https://mil.news.sina.com.cn/2022-04-13/doc-imcwiwst1613089.shtml
2022-04-14 17:08:49,057 - INFO    - url:https://finance.sina.com.cn/jjxw/2022-04-14/doc-imcwipii4265620.shtml
2022-04-14 17:08:49,057 - INFO    - url:https://sports.sina.com.cn/l/2022-04-14/doc-imcwiwst1794957.shtml
2022-04-14 17:08:49,058 - INFO    - url:https://finance.sina.com.cn/money/future/roll/2022-04-14/doc-imcwipii4245110.shtml
2022-04-14 17:08:49,058 - INFO    - url:https://ent.sina.com.cn/v/m/2022-04-07/doc-imcwipii2894619.shtml
2022-04-14 17:08:49,058 - INFO    - url:https://news.sina.com.cn/c/2022-04-14/doc-imcwipii4186503.shtml
2022-04-14 17:08:49,058 - INFO    - url:https://finance.sina.com.cn/tech/2022-04-14/doc-imcwiwst1794963.shtml
2022-04-14 17:08:49,059 - INFO    - url:https://news.sina.com.cn/w/2022-04-14/doc-imcwipii4158293.shtml
2022-04-14 17:08:49,059 - INFO    - url:https://news.sina.com.cn/s/2022-04-12/doc-imcwiwst1308414.shtml
2022-04-14 17:08:49,061 - INFO    - url:https://finance.sina.com.cn/stock/hkstock/hkgg/2022-04-14/doc-imcwiwst1814976.shtml
2022-04-14 17:08:49,061 - INFO    - url:https://mil.news.sina.com.cn/china/2022-04-13/doc-imcwiwst1611165.shtml
2022-04-14 17:08:49,062 - INFO    - url:https://finance.sina.com.cn/jjxw/2022-04-14/doc-imcwiwst1819914.shtml
2022-04-14 17:08:49,062 - INFO    - url:https://sports.sina.com.cn/l/2022-04-14/doc-imcwiwst1794885.shtml
2022-04-14 17:08:49,062 - INFO    - url:https://finance.sina.com.cn/stock/usstock/c/2022-04-14/doc-imcwiwst1798757.shtml
2022-04-14 17:08:49,062 - INFO    - url:https://ent.sina.com.cn/v/m/2022-04-07/doc-imcwipii2892412.shtml
2022-04-14 17:08:49,063 - INFO    - url:https://news.sina.com.cn/c/2022-04-14/doc-imcwiwst1740546.shtml
2022-04-14 17:08:49,063 - INFO    - url:https://finance.sina.com.cn/tech/2022-04-14/doc-imcwipii4239534.shtml
2022-04-14 17:08:49,063 - INFO    - url:https://news.sina.com.cn/w/2022-04-14/doc-imcwiwst1712513.shtml
2022-04-14 17:08:49,064 - INFO    - url:https://news.sina.com.cn/s/2022-04-12/doc-imcwipii3762243.shtml
2022-04-14 17:08:49,064 - INFO    - url:https://finance.sina.com.cn/stock/usstock/c/2022-04-14/doc-imcwiwst1814917.shtml
2022-04-14 17:08:49,065 - INFO    - url:https://mil.news.sina.com.cn/china/2022-04-13/doc-imcwiwst1610704.shtml
2022-04-14 17:08:49,065 - INFO    - url:https://finance.sina.com.cn/stock/s/2022-04-14/doc-imcwiwst1817478.shtml
2022-04-14 17:08:49,065 - INFO    - url:https://sports.sina.com.cn/l/2022-04-14/doc-imcwiwst1794801.shtml
2022-04-14 17:08:49,065 - INFO    - url:https://finance.sina.com.cn/stock/usstock/c/2022-04-14/doc-imcwipii4246429.shtml
2022-04-14 17:08:49,066 - INFO    - url:https://ent.sina.com.cn/v/h/2022-04-07/doc-imcwipii2884174.shtml
2022-04-14 17:08:49,066 - INFO    - url:https://news.sina.com.cn/c/2022-04-14/doc-imcwipii4195560.shtml
2022-04-14 17:08:49,066 - INFO    - url:https://finance.sina.com.cn/tech/2022-04-14/doc-imcwipii4239962.shtml
2022-04-14 17:08:49,067 - INFO    - url:https://news.sina.com.cn/w/2022-04-14/doc-imcwipii4158228.shtml
2022-04-14 17:08:49,067 - INFO    - url:https://finance.sina.com.cn/stock/hkstock/hkgg/2022-04-14/doc-imcwipii4260473.shtml
2022-04-14 17:08:49,067 - INFO    - url:https://news.sina.com.cn/s/2022-04-12/doc-imcwiwst1306903.shtml
2022-04-14 17:08:49,067 - INFO    - url:https://mil.news.sina.com.cn/2022-04-13/doc-imcwiwst1610702.shtml
2022-04-14 17:08:49,068 - INFO    - url:https://finance.sina.com.cn/china/dfjj/2022-04-14/doc-imcwiwst1817528.shtml
2022-04-14 17:08:49,068 - INFO    - url:https://sports.sina.com.cn/l/2022-04-14/doc-imcwiwst1794699.shtml
2022-04-14 17:08:49,068 - INFO    - url:https://ent.sina.com.cn/v/m/2022-04-07/doc-imcwiwst0435289.shtml
2022-04-14 17:08:49,069 - INFO    - url:https://news.sina.com.cn/c/2022-04-14/doc-imcwiwst1738008.shtml
2022-04-14 17:08:49,069 - INFO    - url:https://news.sina.com.cn/w/2022-04-14/doc-imcwiwst1712500.shtml
2022-04-14 17:08:49,069 - INFO    - url:https://finance.sina.com.cn/tech/2022-04-14/doc-imcwipii4238085.shtml
2022-04-14 17:08:49,070 - INFO    - url:https://finance.sina.com.cn/stock/jsy/2022-04-14/doc-imcwipii4260611.shtml
2022-04-14 17:08:49,070 - INFO    - url:https://news.sina.com.cn/s/2022-04-12/doc-imcwiwst1306239.shtml
2022-04-14 17:08:49,070 - INFO    - url:https://mil.news.sina.com.cn/2022-04-13/doc-imcwipii4056957.shtml
2022-04-14 17:08:49,071 - INFO    - url:https://sports.sina.com.cn/l/2022-04-14/doc-imcwiwst1794537.shtml
2022-04-14 17:08:49,071 - INFO    - url:https://ent.sina.com.cn/m/2022-04-06/doc-imcwiwst0153499.shtml
2022-04-14 17:08:49,072 - INFO    - url:https://finance.sina.com.cn/tech/2022-04-14/doc-imcwipii4240130.shtml
2022-04-14 17:08:49,072 - INFO    - url:https://finance.sina.com.cn/stock/hkstock/hkgg/2022-04-14/doc-imcwipii4260274.shtml
2022-04-14 17:08:49,073 - INFO    - url:https://mil.news.sina.com.cn/2022-04-13/doc-imcwipii4056938.shtml
2022-04-14 17:08:49,073 - INFO    - url:https://sports.sina.com.cn/l/2022-04-14/doc-imcwipii4240058.shtml
2022-04-14 17:08:49,074 - INFO    - url:https://finance.sina.com.cn/tech/2022-04-14/doc-imcwipii4239373.shtml
2022-04-14 17:08:49,074 - INFO    - url:https://mil.news.sina.com.cn/china/2022-04-13/doc-imcwiwst1605387.shtml
2022-04-14 17:08:49,075 - INFO    - url:https://sports.sina.com.cn/golf/lpga/2022-04-14/doc-imcwipii4239947.shtml
